<?xml version="1.0" encoding="UTF-8"?>
<robot generator="Robot 3.2.1 (Python 3.7.4 on win32)" generated="20200813 17:07:04.114" rpa="false">
<suite id="s1" name="01-登录" source="D:\sqlw_test\robotframework\datahub4.0.8\测试用例\01-登录.robot">
<test id="s1-t1" name="001-登录">
<kw name="Create Dictionary" library="BuiltIn">
<doc>Creates and returns a dictionary based on the given ``items``.</doc>
<arguments>
<arg>http=http://127.0.0.1:8888</arg>
</arguments>
<assign>
<var>${proxies}</var>
</assign>
<msg timestamp="20200813 17:07:04.533" level="INFO">${proxies} = {'http': 'http://127.0.0.1:8888'}</msg>
<status status="PASS" starttime="20200813 17:07:04.532" endtime="20200813 17:07:04.533"></status>
</kw>
<kw name="Create Session" library="RequestsLibrary">
<doc>Create Session: create a HTTP session to a server</doc>
<arguments>
<arg>api</arg>
<arg>http://demo202.test.com:8070</arg>
<arg>proxies=${proxies}</arg>
</arguments>
<msg timestamp="20200813 17:07:04.534" level="INFO">Creating Session using : alias=api, url=http://demo202.test.com:8070, headers={},                     cookies={}, auth=None, timeout=None, proxies={'http': 'http://127.0.0.1:8888'}, verify=False,                     debug=0 </msg>
<status status="PASS" starttime="20200813 17:07:04.533" endtime="20200813 17:07:04.535"></status>
</kw>
<kw name="Set Variable" library="BuiltIn">
<doc>Returns the given values which can then be assigned to a variables.</doc>
<arguments>
<arg>/leapid-admin/api/v1/login</arg>
</arguments>
<assign>
<var>${test_uri}</var>
</assign>
<msg timestamp="20200813 17:07:04.536" level="INFO">${test_uri} = /leapid-admin/api/v1/login</msg>
<status status="PASS" starttime="20200813 17:07:04.535" endtime="20200813 17:07:04.536"></status>
</kw>
<kw name="Create Dictionary" library="BuiltIn">
<doc>Creates and returns a dictionary based on the given ``items``.</doc>
<arguments>
<arg>un=datahub</arg>
<arg>pw=datahub123</arg>
</arguments>
<assign>
<var>&amp;{test_params}</var>
</assign>
<msg timestamp="20200813 17:07:04.537" level="INFO">&amp;{test_params} = { un=datahub | pw=datahub123 }</msg>
<status status="PASS" starttime="20200813 17:07:04.536" endtime="20200813 17:07:04.537"></status>
</kw>
<kw name="Create Dictionary" library="BuiltIn">
<doc>Creates and returns a dictionary based on the given ``items``.</doc>
<arguments>
<arg>Content-Type=application/x-www-form-urlencoded; charset=UTF-8</arg>
</arguments>
<assign>
<var>${headers}</var>
</assign>
<msg timestamp="20200813 17:07:04.537" level="INFO">${headers} = {'Content-Type': 'application/x-www-form-urlencoded; charset=UTF-8'}</msg>
<status status="PASS" starttime="20200813 17:07:04.537" endtime="20200813 17:07:04.537"></status>
</kw>
<kw name="Post Request" library="RequestsLibrary">
<doc>Send a POST request on the session object found using the
given `alias`</doc>
<arguments>
<arg>api</arg>
<arg>${test_uri}</arg>
<arg>data=${test_params}</arg>
<arg>headers=${headers}</arg>
</arguments>
<assign>
<var>${response}</var>
</assign>
<msg timestamp="20200813 17:07:04.890" level="INFO">POST Request : url=http://demo202.test.com:8070/leapid-admin/api/v1/login 
 path_url=/leapid-admin/api/v1/login 
 headers={'User-Agent': 'python-requests/2.24.0', 'Accept-Encoding': 'gzip, deflate', 'Accept': '*/*', 'Connection': 'keep-alive', 'Content-Type': 'application/x-www-form-urlencoded; charset=UTF-8', 'Content-Length': '24'} 
 body=un=datahub&amp;pw=datahub123 
 </msg>
<msg timestamp="20200813 17:07:04.890" level="INFO">POST Response : url=http://demo202.test.com:8070/leapid-admin/api/v1/login 
 status=200, reason=OK 
 body={"data":{"address":"","created":1595916142500,"department":"","email":"","hashing":"sha","id":23,"password":"hEDFHM52nWNRhacXlMDPfx0uQe4~","phone":"","project2Group":{"47":"p47_g45"},"project2Pools":{"47":{"impala":"default","spark":"default","yarn":"default"}},"project2ProxyUser":{"47":"p47_u23_datahub"},"realname":"林文","roles":"leapid.admin","state":0,"strength":30,"username":"datahub"},"msg":"","result":0} 
 </msg>
<msg timestamp="20200813 17:07:04.890" level="INFO">${response} = &lt;Response [200]&gt;</msg>
<status status="PASS" starttime="20200813 17:07:04.538" endtime="20200813 17:07:04.890"></status>
</kw>
<tags>
<tag>test</tag>
</tags>
<status status="PASS" starttime="20200813 17:07:04.531" endtime="20200813 17:07:04.891" critical="yes"></status>
</test>
<test id="s1-t2" name="002-获取项目id">
<kw name="Set Variable" library="BuiltIn">
<doc>Returns the given values which can then be assigned to a variables.</doc>
<arguments>
<arg>/datahub/leapid/projects</arg>
</arguments>
<assign>
<var>${test_uri}</var>
</assign>
<msg timestamp="20200813 17:07:04.897" level="INFO">${test_uri} = /datahub/leapid/projects</msg>
<status status="PASS" starttime="20200813 17:07:04.897" endtime="20200813 17:07:04.897"></status>
</kw>
<kw name="Get Request" library="RequestsLibrary">
<doc>Send a GET request on the session object found using the
given `alias`</doc>
<arguments>
<arg>api</arg>
<arg>${test_uri}</arg>
</arguments>
<assign>
<var>${response}</var>
</assign>
<msg timestamp="20200813 17:07:05.288" level="INFO">GET Request : url=http://demo202.test.com:8070/datahub/leapid/projects 
 path_url=/datahub/leapid/projects 
 headers={'User-Agent': 'python-requests/2.24.0', 'Accept-Encoding': 'gzip, deflate', 'Accept': '*/*', 'Connection': 'keep-alive', 'Cookie': '_lpt_=fc94141aa0654b8f98a3213e514df267; _sid_=fc94141aa0654b8f98a3213e514df267'} 
 body=None 
 </msg>
<msg timestamp="20200813 17:07:05.288" level="INFO">GET Response : url=http://demo202.test.com:8070/datahub/leapid/projects 
 status=200, reason=OK 
 body={"code":200,"model":{"47":{"id":47,"name":"datahub-项目一","description":"","dbs":"datahub03,datahub01,datahub02","creator":"leapadmin","created":1595916900558,"yarnPool":"default","sparkPool":"default","impalaPool":"default","memberCount":0,"proxyUser":"p47_u23_datahub"}}} 
 </msg>
<msg timestamp="20200813 17:07:05.289" level="INFO">${response} = &lt;Response [200]&gt;</msg>
<status status="PASS" starttime="20200813 17:07:04.898" endtime="20200813 17:07:05.289"></status>
</kw>
<kw name="Set Variable" library="BuiltIn">
<doc>Returns the given values which can then be assigned to a variables.</doc>
<arguments>
<arg>${response.status_code}</arg>
</arguments>
<assign>
<var>${status_code}</var>
</assign>
<msg timestamp="20200813 17:07:05.290" level="INFO">${status_code} = 200</msg>
<status status="PASS" starttime="20200813 17:07:05.289" endtime="20200813 17:07:05.290"></status>
</kw>
<kw name="Set Variable" library="BuiltIn">
<doc>Returns the given values which can then be assigned to a variables.</doc>
<arguments>
<arg>${response.text}</arg>
</arguments>
<assign>
<var>${text}</var>
</assign>
<msg timestamp="20200813 17:07:05.291" level="INFO">${text} = {"code":200,"model":{"47":{"id":47,"name":"datahub-项目一","description":"","dbs":"datahub03,datahub01,datahub02","creator":"leapadmin","created":1595916900558,"yarnPool":"default","sparkPool":"default",...</msg>
<status status="PASS" starttime="20200813 17:07:05.291" endtime="20200813 17:07:05.291"></status>
</kw>
<kw name="Get Json Value" library="HttpLibrary.HTTP">
<doc>Get the target node of the JSON document `json_string` specified by `json_pointer`.</doc>
<arguments>
<arg>${text}</arg>
<arg>/model</arg>
</arguments>
<assign>
<var>${model}</var>
</assign>
<msg timestamp="20200813 17:07:05.293" level="INFO">${model} = {"47": {"id": 47, "name": "datahub-项目一", "description": "", "dbs": "datahub03,datahub01,datahub02", "creator": "leapadmin", "created": 1595916900558, "yarnPool": "default", "sparkPool": "default", "im...</msg>
<status status="PASS" starttime="20200813 17:07:05.292" endtime="20200813 17:07:05.293"></status>
</kw>
<kw name="To Json" library="RequestsLibrary">
<doc>Convert a string to a JSON object</doc>
<arguments>
<arg>${model}</arg>
</arguments>
<assign>
<var>${model}</var>
</assign>
<msg timestamp="20200813 17:07:05.294" level="INFO">To JSON using : content={"47": {"id": 47, "name": "datahub-项目一", "description": "", "dbs": "datahub03,datahub01,datahub02", "creator": "leapadmin", "created": 1595916900558, "yarnPool": "default", "sparkPool": "default", "impalaPool": "default", "memberCount": 0, "proxyUser": "p47_u23_datahub"}} </msg>
<msg timestamp="20200813 17:07:05.294" level="INFO">To JSON using : pretty_print=False </msg>
<msg timestamp="20200813 17:07:05.294" level="INFO">${model} = {'47': {'id': 47, 'name': 'datahub-项目一', 'description': '', 'dbs': 'datahub03,datahub01,datahub02', 'creator': 'leapadmin', 'created': 1595916900558, 'yarnPool': 'default', 'sparkPool': 'default', 'im...</msg>
<status status="PASS" starttime="20200813 17:07:05.294" endtime="20200813 17:07:05.294"></status>
</kw>
<kw name="Get Dictionary Keys" library="Collections">
<doc>Returns keys of the given ``dictionary`` as a list.</doc>
<arguments>
<arg>${model}</arg>
</arguments>
<assign>
<var>${pids}</var>
</assign>
<msg timestamp="20200813 17:07:05.296" level="INFO">${pids} = ['47']</msg>
<status status="PASS" starttime="20200813 17:07:05.295" endtime="20200813 17:07:05.296"></status>
</kw>
<kw name="Set Variable" library="BuiltIn">
<doc>Returns the given values which can then be assigned to a variables.</doc>
<arguments>
<arg>${pids}</arg>
</arguments>
<assign>
<var>${GLOBAL_PIDS}</var>
</assign>
<msg timestamp="20200813 17:07:05.297" level="INFO">${GLOBAL_PIDS} = ['47']</msg>
<status status="PASS" starttime="20200813 17:07:05.297" endtime="20200813 17:07:05.297"></status>
</kw>
<kw name="Comment" library="BuiltIn">
<doc>Displays the given messages in the log file as keyword arguments.</doc>
<arguments>
<arg>${GLOBAL_PIDS}</arg>
<arg>Evaluate</arg>
<arg>list(map(int,${pids}))</arg>
</arguments>
<status status="PASS" starttime="20200813 17:07:05.298" endtime="20200813 17:07:05.298"></status>
</kw>
<kw name="Set Global Variable" library="BuiltIn">
<doc>Makes a variable available globally in all tests and suites.</doc>
<arguments>
<arg>${GLOBAL_PIDS}</arg>
</arguments>
<msg timestamp="20200813 17:07:05.300" level="INFO">${GLOBAL_PIDS} = ['47']</msg>
<status status="PASS" starttime="20200813 17:07:05.300" endtime="20200813 17:07:05.300"></status>
</kw>
<tags>
<tag>test</tag>
</tags>
<status status="PASS" starttime="20200813 17:07:04.895" endtime="20200813 17:07:05.301" critical="yes"></status>
</test>
<status status="PASS" starttime="20200813 17:07:04.118" endtime="20200813 17:07:05.306"></status>
</suite>
<statistics>
<total>
<stat pass="2" fail="0">Critical Tests</stat>
<stat pass="2" fail="0">All Tests</stat>
</total>
<tag>
<stat pass="2" fail="0">test</stat>
</tag>
<suite>
<stat pass="2" fail="0" id="s1" name="01-登录">01-登录</stat>
</suite>
</statistics>
<errors>
</errors>
</robot>
